<?xml version="1.0" encoding="UTF-8"?>
<!-- Generated by org.testng.reporters.JUnitXMLReporter -->
<testsuite ignored="0" hostname="DESKTOP-1TUF0TC" failures="0" tests="3" name="Chrome" time="6.293" errors="0" timestamp="2024-02-20T00:54:34 IST">
  <testcase classname="Crossbrowser.CrossBrwsr" name="browser" time="3.948"/>
  <testcase classname="Crossbrowser.CrossBrwsr" name="brwsingchrome" time="1.167"/>
  <testcase classname="Crossbrowser.CrossBrwsr" name="brwsingedge" time="1.102"/>
</testsuite> <!-- Chrome -->
