<?xml version="1.0" encoding="UTF-8"?>
<testng-results ignored="0" total="3" passed="3" failed="0" skipped="0">
  <reporter-output>
  </reporter-output>
  <suite started-at="2023-12-05T11:29:43 IST" name="Default suite" finished-at="2023-12-05T11:29:50 IST" duration-ms="6352">
    <groups>
    </groups>
    <test started-at="2023-12-05T11:29:43 IST" name="Default test" finished-at="2023-12-05T11:29:50 IST" duration-ms="6352">
      <class name="xyz">
        <test-method signature="methodA()[pri:0, instance:xyz@1e683a3e]" started-at="2023-12-05T11:29:43 IST" name="methodA" finished-at="2023-12-05T11:29:43 IST" duration-ms="11" status="PASS">
          <reporter-output>
          </reporter-output>
        </test-method> <!-- methodA -->
        <test-method signature="methodB()[pri:0, instance:xyz@1e683a3e]" started-at="2023-12-05T11:29:43 IST" name="methodB" finished-at="2023-12-05T11:29:43 IST" duration-ms="4" status="PASS">
          <reporter-output>
          </reporter-output>
        </test-method> <!-- methodB -->
        <test-method signature="methodC()[pri:0, instance:xyz@1e683a3e]" started-at="2023-12-05T11:29:43 IST" name="methodC" finished-at="2023-12-05T11:29:50 IST" duration-ms="6284" status="PASS">
          <reporter-output>
          </reporter-output>
        </test-method> <!-- methodC -->
      </class> <!-- xyz -->
    </test> <!-- Default test -->
  </suite> <!-- Default suite -->
</testng-results>
