<?xml version="1.0" encoding="UTF-8"?>
<testng-results ignored="0" total="1" passed="1" failed="0" skipped="0">
  <reporter-output>
  </reporter-output>
  <suite started-at="2024-02-07T19:22:52 IST" name="Default suite" finished-at="2024-02-07T19:22:52 IST" duration-ms="92">
    <groups>
    </groups>
    <test started-at="2024-02-07T19:22:52 IST" name="Default test" finished-at="2024-02-07T19:22:52 IST" duration-ms="92">
      <class name="Framework.Child">
        <test-method is-config="true" signature="before()[pri:0, instance:Framework.Child@25084a1e]" started-at="2024-02-07T19:22:52 IST" name="before" finished-at="2024-02-07T19:22:52 IST" duration-ms="11" status="PASS">
          <reporter-output>
          </reporter-output>
        </test-method> <!-- before -->
        <test-method signature="sample()[pri:0, instance:Framework.Child@25084a1e]" started-at="2024-02-07T19:22:52 IST" name="sample" finished-at="2024-02-07T19:22:52 IST" duration-ms="13" status="PASS">
          <reporter-output>
          </reporter-output>
        </test-method> <!-- sample -->
      </class> <!-- Framework.Child -->
    </test> <!-- Default test -->
  </suite> <!-- Default suite -->
</testng-results>
