<?xml version="1.0" encoding="UTF-8"?>
<!-- Generated by org.testng.reporters.JUnitXMLReporter -->
<testsuite ignored="3" hostname="DESKTOP-1TUF0TC" failures="0" tests="1" name="E_Cmrc" time="0.007" errors="0" timestamp="2023-11-08T11:20:25 IST">
  <testcase classname="E_Cmrc" name="ebay" time="0.002"/>
  <testcase classname="E_Cmrc" name="amzn" time="0.0">
    <ignored/>
  </testcase> <!-- amzn -->
  <testcase classname="E_Cmrc" name="myntra" time="0.0">
    <ignored/>
  </testcase> <!-- myntra -->
  <testcase classname="E_Cmrc" name="flipkrt" time="0.0">
    <ignored/>
  </testcase> <!-- flipkrt -->
</testsuite> <!-- E_Cmrc -->
