<?xml version="1.0" encoding="UTF-8"?>
<!-- Generated by org.testng.reporters.JUnitXMLReporter -->
<testsuite ignored="0" hostname="DESKTOP-1TUF0TC" failures="0" tests="7" name="Sm" time="0.049" errors="0" timestamp="2023-11-11T17:09:00 IST">
  <testcase classname="Social_Media" name="bumble" time="0.002"/>
  <testcase classname="Social_Media" name="fb" time="0.004"/>
  <testcase classname="Social_Media" name="insta" time="0.005"/>
  <testcase classname="Social_Media" name="tinder" time="0.004"/>
  <testcase classname="Mail" name="gmail" time="0.002"/>
  <testcase classname="Mail" name="hotmail" time="0.002"/>
  <testcase classname="Mail" name="yahoo" time="0.003"/>
</testsuite> <!-- Sm -->
