<?xml version="1.0" encoding="UTF-8"?>
<!-- Generated by org.testng.reporters.JUnitXMLReporter -->
<testsuite ignored="0" hostname="DESKTOP-1TUF0TC" failures="1" tests="5" name="Test" time="0.089" errors="0" timestamp="2024-02-26T00:42:23 IST">
  <testcase classname="ListenersMethod.Randomly$random" name="Test_Failure" time="0.014">
    <failure type="java.lang.AssertionError" message="expected [true] but found [false]">
      <![CDATA[java.lang.AssertionError: expected [true] but found [false]
at ListenersMethod.Randomly$random.Test_Failure(Randomly.java:19)
at java.base/java.util.ArrayList.forEach(ArrayList.java:1511)
... Removed 31 stack frames]]>
    </failure>
  </testcase> <!-- Test_Failure -->
  <testcase classname="ListenersMethod.Randomly$random" name="Test_Skipped" time="0.002">
    <skipped/>
  </testcase> <!-- Test_Skipped -->
  <testcase classname="ListenersMethod.Randomly$random" name="Test_Success" time="0.002"/>
  <testcase classname="ListenersMethod.Randomly$random" name="on_Finish" time="0.002"/>
  <testcase classname="ListenersMethod.Randomly$random" name="on_Start" time="0.007"/>
</testsuite> <!-- Test -->
